<?xml version="1.0" encoding="UTF-8"?>
<testng-results ignored="0" total="1" passed="1" failed="0" skipped="0">
  <reporter-output>
    <line>
      <![CDATA[Setting up reports and test is getting ready ]]>
    </line>
    <line>
      <![CDATA[Setting done - test can be started ]]>
    </line>
    <line>
      <![CDATA[Trying to start the browser and getting application ready ]]>
    </line>
    <line>
      <![CDATA[Browser and application is Up and running ]]>
    </line>
    <line>
      <![CDATA[Test is about to end ]]>
    </line>
    <line>
      <![CDATA[Test completed >> reports generated ]]>
    </line>
  </reporter-output>
  <suite started-at="2022-09-28T00:02:06 IST" name="Default suite" finished-at="2022-09-28T00:02:17 IST" duration-ms="11302">
    <groups>
    </groups>
    <test started-at="2022-09-28T00:02:06 IST" name="Default test" finished-at="2022-09-28T00:02:17 IST" duration-ms="11302">
      <class name="com.automation.Testcases.loginTestApplication">
        <test-method is-config="true" signature="setupSuite()[pri:0, instance:com.automation.Testcases.loginTestApplication@18df8434]" started-at="2022-09-28T00:02:05 IST" name="setupSuite" finished-at="2022-09-28T00:02:06 IST" duration-ms="674" status="PASS">
          <reporter-output>
            <line>
              <![CDATA[Setting up reports and test is getting ready ]]>
            </line>
            <line>
              <![CDATA[Setting done - test can be started ]]>
            </line>
          </reporter-output>
        </test-method> <!-- setupSuite -->
        <test-method is-config="true" signature="setup()[pri:0, instance:com.automation.Testcases.loginTestApplication@18df8434]" started-at="2022-09-28T00:02:06 IST" name="setup" finished-at="2022-09-28T00:02:08 IST" duration-ms="2162" status="PASS">
          <reporter-output>
            <line>
              <![CDATA[Trying to start the browser and getting application ready ]]>
            </line>
            <line>
              <![CDATA[Browser and application is Up and running ]]>
            </line>
          </reporter-output>
        </test-method> <!-- setup -->
        <test-method signature="loginApp()[pri:0, instance:com.automation.Testcases.loginTestApplication@18df8434]" started-at="2022-09-28T00:02:08 IST" name="loginApp" finished-at="2022-09-28T00:02:16 IST" duration-ms="8251" status="PASS">
          <reporter-output>
          </reporter-output>
        </test-method> <!-- loginApp -->
        <test-method is-config="true" signature="teardownMethod(org.testng.ITestResult)[pri:0, instance:com.automation.Testcases.loginTestApplication@18df8434]" started-at="2022-09-28T00:02:16 IST" name="teardownMethod" finished-at="2022-09-28T00:02:16 IST" duration-ms="532" status="PASS">
          <params>
            <param index="0">
              <value>
                <![CDATA[[TestResult name=loginApp status=SUCCESS method=loginTestApplication.loginApp()[pri:0, instance:com.automation.Testcases.loginTestApplication@18df8434] output={null}]]]>
              </value>
            </param>
          </params>
          <reporter-output>
            <line>
              <![CDATA[Test is about to end ]]>
            </line>
            <line>
              <![CDATA[Test completed >> reports generated ]]>
            </line>
          </reporter-output>
        </test-method> <!-- teardownMethod -->
        <test-method is-config="true" signature="teardown()[pri:0, instance:com.automation.Testcases.loginTestApplication@18df8434]" started-at="2022-09-28T00:02:16 IST" name="teardown" finished-at="2022-09-28T00:02:17 IST" duration-ms="333" status="PASS">
          <reporter-output>
          </reporter-output>
        </test-method> <!-- teardown -->
      </class> <!-- com.automation.Testcases.loginTestApplication -->
    </test> <!-- Default test -->
  </suite> <!-- Default suite -->
</testng-results>
