<?xml version="1.0" encoding="UTF-8"?>
<!-- Generated by org.testng.reporters.JUnitXMLReporter -->
<testsuite ignored="0" hostname="VIKAS_DADI" failures="0" tests="1" name="Test" time="0.041" errors="0" timestamp="2022-09-27T22:50:08 IST">
  <testcase classname="com.automation.Pages.BaseClass" name="@BeforeClass setup" time="0.008">
    <failure type="java.lang.NullPointerException" message="Cannot invoke &amp;quot;org.openqa.selenium.WebDriver.manage()&amp;quot; because &amp;quot;driver&amp;quot; is null">
      <![CDATA[java.lang.NullPointerException: Cannot invoke "org.openqa.selenium.WebDriver.manage()" because "driver" is null
at com.automation.Utilities.BrowserFactory.startApplication(BrowserFactory.java:25)
at com.automation.Pages.BaseClass.setup(BaseClass.java:28)
at java.base/java.util.ArrayList.forEach(ArrayList.java:1511)
... Removed 25 stack frames]]>
    </failure>
  </testcase> <!-- @BeforeClass setup -->
  <testcase classname="com.automation.Pages.BaseClass" name="@AfterMethod teardownMethod" time="-1.66429920845E9">
    <skipped/>
  </testcase> <!-- @AfterMethod teardownMethod -->
  <testcase classname="com.automation.Pages.BaseClass" name="@AfterClass teardown" time="-1.664299208452E9">
    <skipped/>
  </testcase> <!-- @AfterClass teardown -->
  <testcase classname="com.automation.Testcases.loginTestApplication" name="loginApp" time="0.0">
    <skipped/>
  </testcase> <!-- loginApp -->
</testsuite> <!-- Test -->
